test_check_environment_variables (__main__.TestDLLHijackingAnalyzer.test_check_environment_variables) ... ok
test_check_file_permissions (__main__.TestDLLHijackingAnalyzer.test_check_file_permissions) ... ok
test_does_dll_exist (__main__.TestDLLHijackingAnalyzer.test_does_dll_exist) ... ok
test_get_loaded_modules (__main__.TestDLLHijackingAnalyzer.test_get_loaded_modules) ... ERROR

======================================================================
ERROR: test_get_loaded_modules (__main__.TestDLLHijackingAnalyzer.test_get_loaded_modules)
----------------------------------------------------------------------
Traceback (most recent call last):
  File "C:\Users\mrunh\AppData\Local\Temp\tmpoz0wkt1h.py", line 151, in test_get_loaded_modules
    modules = get_loaded_modules(pid)
              ^^^^^^^^^^^^^^^^^^^^^^^
  File "C:\Users\mrunh\AppData\Local\Temp\tmpoz0wkt1h.py", line 42, in get_loaded_modules
    ctypes.windll.psapi.GetModuleBaseNameW(h_process, h_modules[i], mod_name, MAX_PATH)
ctypes.ArgumentError: argument 2: OverflowError: int too long to convert

----------------------------------------------------------------------
Ran 4 tests in 0.002s

FAILED (errors=1)
